<?xml version="1.0" encoding="UTF-8"?>
<testng-results ignored="0" total="7" passed="3" failed="1" skipped="3">
  <reporter-output>
    <line>
      <![CDATA[*****Login method started*****]]>
    </line>
    <line>
      <![CDATA[*****Login method stopped*****]]>
    </line>
    <line>
      <![CDATA[*****Manage course method started*****]]>
    </line>
    <line>
      <![CDATA[*****Manage course method stopped*****]]>
    </line>
    <line>
      <![CDATA[*****Add new course method started*****]]>
    </line>
    <line>
      <![CDATA[*****Add new course method stopped*****]]>
    </line>
    <line>
      <![CDATA[*****Add new course Form method started*****]]>
    </line>
  </reporter-output>
  <suite started-at="2023-02-18T17:15:33 IST" name="Suite" finished-at="2023-02-18T17:15:49 IST" duration-ms="15855">
    <groups>
    </groups>
    <test started-at="2023-02-18T17:15:33 IST" name="ChromeTest" finished-at="2023-02-18T17:15:49 IST" duration-ms="15855">
      <class name="assignment12.TestNGTask">
        <test-method is-config="true" signature="setUp(java.lang.String,java.lang.String)[pri:0, instance:assignment12.TestNGTask@69e153c5]" started-at="2023-02-18T17:15:33 IST" name="setUp" finished-at="2023-02-18T17:15:40 IST" duration-ms="6962" status="PASS">
          <params>
            <param index="0">
              <value>
                <![CDATA[Chrome]]>
              </value>
            </param>
            <param index="1">
              <value>
                <![CDATA[https://ineuron-courses.vercel.app/login]]>
              </value>
            </param>
          </params>
          <reporter-output>
          </reporter-output>
        </test-method> <!-- setUp -->
        <test-method signature="loginScenario()[pri:0, instance:assignment12.TestNGTask@69e153c5]" started-at="2023-02-18T17:15:40 IST" name="loginScenario" finished-at="2023-02-18T17:15:41 IST" duration-ms="491" status="PASS">
          <reporter-output>
            <line>
              <![CDATA[*****Login method started*****]]>
            </line>
            <line>
              <![CDATA[*****Login method stopped*****]]>
            </line>
          </reporter-output>
        </test-method> <!-- loginScenario -->
        <test-method signature="clickManageCourse()[pri:1, instance:assignment12.TestNGTask@69e153c5]" started-at="2023-02-18T17:15:41 IST" name="clickManageCourse" finished-at="2023-02-18T17:15:43 IST" depends-on-methods="assignment12.TestNGTask.loginScenario" duration-ms="2360" status="PASS">
          <reporter-output>
            <line>
              <![CDATA[*****Manage course method started*****]]>
            </line>
            <line>
              <![CDATA[*****Manage course method stopped*****]]>
            </line>
          </reporter-output>
        </test-method> <!-- clickManageCourse -->
        <test-method signature="clickAddNewCourse()[pri:2, instance:assignment12.TestNGTask@69e153c5]" started-at="2023-02-18T17:15:43 IST" name="clickAddNewCourse" finished-at="2023-02-18T17:15:44 IST" depends-on-methods="assignment12.TestNGTask.clickManageCourse" duration-ms="1217" status="PASS">
          <reporter-output>
            <line>
              <![CDATA[*****Add new course method started*****]]>
            </line>
            <line>
              <![CDATA[*****Add new course method stopped*****]]>
            </line>
          </reporter-output>
        </test-method> <!-- clickAddNewCourse -->
        <test-method signature="addNewCourseForm()[pri:4, instance:assignment12.TestNGTask@69e153c5]" started-at="2023-02-18T17:15:44 IST" name="addNewCourseForm" finished-at="2023-02-18T17:15:49 IST" depends-on-methods="assignment12.TestNGTask.clickAddNewCourse" duration-ms="4270" status="FAIL">
          <exception class="org.openqa.selenium.StaleElementReferenceException">
            <message>
              <![CDATA[stale element reference: element is not attached to the page document
  (Session info: chrome=109.0.5414.120)
For documentation on this error, please visit: https://selenium.dev/exceptions/#stale_element_reference
Build info: version: '4.8.0', revision: '267030adea'
System info: os.name: 'Windows 8.1', os.arch: 'amd64', os.version: '6.3', java.version: '17.0.2'
Driver info: org.openqa.selenium.chrome.ChromeDriver
Command: [3a5e46ac9dfd3bb95692e94a84462706, getElementText {id=99c7ee88-3338-4b6c-a056-bf7198a0bd4f}]
Capabilities {acceptInsecureCerts: false, browserName: chrome, browserVersion: 109.0.5414.120, chrome: {chromedriverVersion: 109.0.5414.74 (e7c5703604da..., userDataDir: C:\Users\SKSUNT~1\AppData\L...}, goog:chromeOptions: {debuggerAddress: localhost:52122}, networkConnectionEnabled: false, pageLoadStrategy: normal, platformName: WINDOWS, proxy: Proxy(), se:cdp: ws://localhost:52122/devtoo..., se:cdpVersion: 109.0.5414.120, setWindowRect: true, strictFileInteractability: false, timeouts: {implicit: 0, pageLoad: 300000, script: 30000}, unhandledPromptBehavior: dismiss and notify, webauthn:extension:credBlob: true, webauthn:extension:largeBlob: true, webauthn:virtualAuthenticators: true}
Element: [[ChromeDriver: chrome on WINDOWS (3a5e46ac9dfd3bb95692e94a84462706)] -> xpath: //tbody/tr/td[2]]
Session ID: 3a5e46ac9dfd3bb95692e94a84462706]]>
            </message>
            <full-stacktrace>
              <![CDATA[org.openqa.selenium.StaleElementReferenceException: stale element reference: element is not attached to the page document
  (Session info: chrome=109.0.5414.120)
For documentation on this error, please visit: https://selenium.dev/exceptions/#stale_element_reference
Build info: version: '4.8.0', revision: '267030adea'
System info: os.name: 'Windows 8.1', os.arch: 'amd64', os.version: '6.3', java.version: '17.0.2'
Driver info: org.openqa.selenium.chrome.ChromeDriver
Command: [3a5e46ac9dfd3bb95692e94a84462706, getElementText {id=99c7ee88-3338-4b6c-a056-bf7198a0bd4f}]
Capabilities {acceptInsecureCerts: false, browserName: chrome, browserVersion: 109.0.5414.120, chrome: {chromedriverVersion: 109.0.5414.74 (e7c5703604da..., userDataDir: C:\Users\SKSUNT~1\AppData\L...}, goog:chromeOptions: {debuggerAddress: localhost:52122}, networkConnectionEnabled: false, pageLoadStrategy: normal, platformName: WINDOWS, proxy: Proxy(), se:cdp: ws://localhost:52122/devtoo..., se:cdpVersion: 109.0.5414.120, setWindowRect: true, strictFileInteractability: false, timeouts: {implicit: 0, pageLoad: 300000, script: 30000}, unhandledPromptBehavior: dismiss and notify, webauthn:extension:credBlob: true, webauthn:extension:largeBlob: true, webauthn:virtualAuthenticators: true}
Element: [[ChromeDriver: chrome on WINDOWS (3a5e46ac9dfd3bb95692e94a84462706)] -> xpath: //tbody/tr/td[2]]
Session ID: 3a5e46ac9dfd3bb95692e94a84462706
at java.base/jdk.internal.reflect.NativeConstructorAccessorImpl.newInstance0(Native Method)
at java.base/jdk.internal.reflect.NativeConstructorAccessorImpl.newInstance(NativeConstructorAccessorImpl.java:77)
at java.base/jdk.internal.reflect.DelegatingConstructorAccessorImpl.newInstance(DelegatingConstructorAccessorImpl.java:45)
at java.base/java.lang.reflect.Constructor.newInstanceWithCaller(Constructor.java:499)
at java.base/java.lang.reflect.Constructor.newInstance(Constructor.java:480)
at org.openqa.selenium.remote.codec.w3c.W3CHttpResponseCodec.createException(W3CHttpResponseCodec.java:200)
at org.openqa.selenium.remote.codec.w3c.W3CHttpResponseCodec.decode(W3CHttpResponseCodec.java:133)
at org.openqa.selenium.remote.codec.w3c.W3CHttpResponseCodec.decode(W3CHttpResponseCodec.java:53)
at org.openqa.selenium.remote.HttpCommandExecutor.execute(HttpCommandExecutor.java:184)
at org.openqa.selenium.remote.service.DriverCommandExecutor.invokeExecute(DriverCommandExecutor.java:167)
at org.openqa.selenium.remote.service.DriverCommandExecutor.execute(DriverCommandExecutor.java:142)
at org.openqa.selenium.remote.RemoteWebDriver.execute(RemoteWebDriver.java:543)
at org.openqa.selenium.remote.RemoteWebElement.execute(RemoteWebElement.java:257)
at org.openqa.selenium.remote.RemoteWebElement.getText(RemoteWebElement.java:207)
at assignment12.TestNGTask.addNewCourseForm(TestNGTask.java:114)
at java.base/jdk.internal.reflect.NativeMethodAccessorImpl.invoke0(Native Method)
at java.base/jdk.internal.reflect.NativeMethodAccessorImpl.invoke(NativeMethodAccessorImpl.java:77)
at java.base/jdk.internal.reflect.DelegatingMethodAccessorImpl.invoke(DelegatingMethodAccessorImpl.java:43)
at java.base/java.lang.reflect.Method.invoke(Method.java:568)
at org.testng.internal.invokers.MethodInvocationHelper.invokeMethod(MethodInvocationHelper.java:139)
at org.testng.internal.invokers.TestInvoker.invokeMethod(TestInvoker.java:677)
at org.testng.internal.invokers.TestInvoker.invokeTestMethod(TestInvoker.java:221)
at org.testng.internal.invokers.MethodRunner.runInSequence(MethodRunner.java:50)
at org.testng.internal.invokers.TestInvoker$MethodInvocationAgent.invoke(TestInvoker.java:969)
at org.testng.internal.invokers.TestInvoker.invokeTestMethods(TestInvoker.java:194)
at org.testng.internal.invokers.TestMethodWorker.invokeTestMethods(TestMethodWorker.java:148)
at org.testng.internal.invokers.TestMethodWorker.run(TestMethodWorker.java:128)
at java.base/java.util.ArrayList.forEach(ArrayList.java:1511)
at org.testng.TestRunner.privateRun(TestRunner.java:829)
at org.testng.TestRunner.run(TestRunner.java:602)
at org.testng.SuiteRunner.runTest(SuiteRunner.java:437)
at org.testng.SuiteRunner$SuiteWorker.run(SuiteRunner.java:475)
at org.testng.internal.thread.ThreadUtil.lambda$execute$0(ThreadUtil.java:58)
at java.base/java.util.concurrent.FutureTask.run(FutureTask.java:264)
at java.base/java.util.concurrent.ThreadPoolExecutor.runWorker(ThreadPoolExecutor.java:1136)
at java.base/java.util.concurrent.ThreadPoolExecutor$Worker.run(ThreadPoolExecutor.java:635)
at java.base/java.lang.Thread.run(Thread.java:833)
]]>
            </full-stacktrace>
          </exception> <!-- org.openqa.selenium.StaleElementReferenceException -->
          <reporter-output>
            <line>
              <![CDATA[*****Add new course Form method started*****]]>
            </line>
          </reporter-output>
        </test-method> <!-- addNewCourseForm -->
        <test-method signature="verifyCourse()[pri:5, instance:assignment12.TestNGTask@69e153c5]" started-at="2023-02-18T17:15:49 IST" name="verifyCourse" finished-at="2023-02-18T17:15:49 IST" depends-on-methods="assignment12.TestNGTask.addNewCourseForm" duration-ms="0" status="SKIP">
          <exception class="java.lang.Throwable">
            <message>
              <![CDATA[Method assignment12.TestNGTask.verifyCourse() on instance assignment12.TestNGTask@69e153c5 depends on not successfully finished methods 
[assignment12.TestNGTask.addNewCourseForm() on instance assignment12.TestNGTask@69e153c5]]]>
            </message>
            <full-stacktrace>
              <![CDATA[java.lang.Throwable: Method assignment12.TestNGTask.verifyCourse() on instance assignment12.TestNGTask@69e153c5 depends on not successfully finished methods 
[assignment12.TestNGTask.addNewCourseForm() on instance assignment12.TestNGTask@69e153c5]
at org.testng.internal.invokers.TestInvoker.invokeTestMethods(TestInvoker.java:150)
at org.testng.internal.invokers.TestMethodWorker.invokeTestMethods(TestMethodWorker.java:148)
at org.testng.internal.invokers.TestMethodWorker.run(TestMethodWorker.java:128)
at java.base/java.util.ArrayList.forEach(ArrayList.java:1511)
at org.testng.TestRunner.privateRun(TestRunner.java:829)
at org.testng.TestRunner.run(TestRunner.java:602)
at org.testng.SuiteRunner.runTest(SuiteRunner.java:437)
at org.testng.SuiteRunner$SuiteWorker.run(SuiteRunner.java:475)
at org.testng.internal.thread.ThreadUtil.lambda$execute$0(ThreadUtil.java:58)
at java.base/java.util.concurrent.FutureTask.run(FutureTask.java:264)
at java.base/java.util.concurrent.ThreadPoolExecutor.runWorker(ThreadPoolExecutor.java:1136)
at java.base/java.util.concurrent.ThreadPoolExecutor$Worker.run(ThreadPoolExecutor.java:635)
at java.base/java.lang.Thread.run(Thread.java:833)
]]>
            </full-stacktrace>
          </exception> <!-- java.lang.Throwable -->
          <reporter-output>
          </reporter-output>
        </test-method> <!-- verifyCourse -->
        <test-method signature="verifyCourseDeleted()[pri:6, instance:assignment12.TestNGTask@69e153c5]" started-at="2023-02-18T17:15:49 IST" name="verifyCourseDeleted" finished-at="2023-02-18T17:15:49 IST" depends-on-methods="assignment12.TestNGTask.verifyCourse" duration-ms="0" status="SKIP">
          <exception class="java.lang.Throwable">
            <message>
              <![CDATA[Method assignment12.TestNGTask.verifyCourseDeleted() on instance assignment12.TestNGTask@69e153c5 depends on not successfully finished methods 
[assignment12.TestNGTask.verifyCourse() on instance assignment12.TestNGTask@69e153c5]]]>
            </message>
            <full-stacktrace>
              <![CDATA[java.lang.Throwable: Method assignment12.TestNGTask.verifyCourseDeleted() on instance assignment12.TestNGTask@69e153c5 depends on not successfully finished methods 
[assignment12.TestNGTask.verifyCourse() on instance assignment12.TestNGTask@69e153c5]
at org.testng.internal.invokers.TestInvoker.invokeTestMethods(TestInvoker.java:150)
at org.testng.internal.invokers.TestMethodWorker.invokeTestMethods(TestMethodWorker.java:148)
at org.testng.internal.invokers.TestMethodWorker.run(TestMethodWorker.java:128)
at java.base/java.util.ArrayList.forEach(ArrayList.java:1511)
at org.testng.TestRunner.privateRun(TestRunner.java:829)
at org.testng.TestRunner.run(TestRunner.java:602)
at org.testng.SuiteRunner.runTest(SuiteRunner.java:437)
at org.testng.SuiteRunner$SuiteWorker.run(SuiteRunner.java:475)
at org.testng.internal.thread.ThreadUtil.lambda$execute$0(ThreadUtil.java:58)
at java.base/java.util.concurrent.FutureTask.run(FutureTask.java:264)
at java.base/java.util.concurrent.ThreadPoolExecutor.runWorker(ThreadPoolExecutor.java:1136)
at java.base/java.util.concurrent.ThreadPoolExecutor$Worker.run(ThreadPoolExecutor.java:635)
at java.base/java.lang.Thread.run(Thread.java:833)
]]>
            </full-stacktrace>
          </exception> <!-- java.lang.Throwable -->
          <reporter-output>
          </reporter-output>
        </test-method> <!-- verifyCourseDeleted -->
        <test-method signature="signOut()[pri:7, instance:assignment12.TestNGTask@69e153c5]" started-at="2023-02-18T17:15:49 IST" name="signOut" finished-at="2023-02-18T17:15:49 IST" depends-on-methods="assignment12.TestNGTask.verifyCourseDeleted" duration-ms="0" status="SKIP">
          <exception class="java.lang.Throwable">
            <message>
              <![CDATA[Method assignment12.TestNGTask.signOut() on instance assignment12.TestNGTask@69e153c5 depends on not successfully finished methods 
[assignment12.TestNGTask.verifyCourseDeleted() on instance assignment12.TestNGTask@69e153c5]]]>
            </message>
            <full-stacktrace>
              <![CDATA[java.lang.Throwable: Method assignment12.TestNGTask.signOut() on instance assignment12.TestNGTask@69e153c5 depends on not successfully finished methods 
[assignment12.TestNGTask.verifyCourseDeleted() on instance assignment12.TestNGTask@69e153c5]
at org.testng.internal.invokers.TestInvoker.invokeTestMethods(TestInvoker.java:150)
at org.testng.internal.invokers.TestMethodWorker.invokeTestMethods(TestMethodWorker.java:148)
at org.testng.internal.invokers.TestMethodWorker.run(TestMethodWorker.java:128)
at java.base/java.util.ArrayList.forEach(ArrayList.java:1511)
at org.testng.TestRunner.privateRun(TestRunner.java:829)
at org.testng.TestRunner.run(TestRunner.java:602)
at org.testng.SuiteRunner.runTest(SuiteRunner.java:437)
at org.testng.SuiteRunner$SuiteWorker.run(SuiteRunner.java:475)
at org.testng.internal.thread.ThreadUtil.lambda$execute$0(ThreadUtil.java:58)
at java.base/java.util.concurrent.FutureTask.run(FutureTask.java:264)
at java.base/java.util.concurrent.ThreadPoolExecutor.runWorker(ThreadPoolExecutor.java:1136)
at java.base/java.util.concurrent.ThreadPoolExecutor$Worker.run(ThreadPoolExecutor.java:635)
at java.base/java.lang.Thread.run(Thread.java:833)
]]>
            </full-stacktrace>
          </exception> <!-- java.lang.Throwable -->
          <reporter-output>
          </reporter-output>
        </test-method> <!-- signOut -->
        <test-method is-config="true" signature="tearDown()[pri:0, instance:assignment12.TestNGTask@69e153c5]" started-at="2023-02-18T17:15:49 IST" name="tearDown" finished-at="2023-02-18T17:15:49 IST" duration-ms="303" status="PASS">
          <reporter-output>
          </reporter-output>
        </test-method> <!-- tearDown -->
      </class> <!-- assignment12.TestNGTask -->
    </test> <!-- ChromeTest -->
  </suite> <!-- Suite -->
</testng-results>
