<?xml version="1.0" encoding="UTF-8"?>
<!-- Generated by org.testng.reporters.JUnitXMLReporter -->
<testsuite ignored="0" hostname="acer" failures="1" tests="7" name="ChromeTest" time="15.855" errors="0" timestamp="2023-02-18T17:15:49 IST">
  <testcase classname="assignment12.TestNGTask" name="loginScenario" time="0.491"/>
  <testcase classname="assignment12.TestNGTask" name="clickManageCourse" time="2.36"/>
  <testcase classname="assignment12.TestNGTask" name="clickAddNewCourse" time="1.217"/>
  <testcase classname="assignment12.TestNGTask" name="addNewCourseForm" time="4.27">
    <failure type="org.openqa.selenium.StaleElementReferenceException" message="stale element reference: element is not attached to the page document
  (Session info: chrome=109.0.5414.120)
For documentation on this error, please visit: https://selenium.dev/exceptions/#stale_element_reference
Build info: version: &amp;apos;4.8.0&amp;apos;, revision: &amp;apos;267030adea&amp;apos;
System info: os.name: &amp;apos;Windows 8.1&amp;apos;, os.arch: &amp;apos;amd64&amp;apos;, os.version: &amp;apos;6.3&amp;apos;, java.version: &amp;apos;17.0.2&amp;apos;
Driver info: org.openqa.selenium.chrome.ChromeDriver
Command: [3a5e46ac9dfd3bb95692e94a84462706, getElementText {id=99c7ee88-3338-4b6c-a056-bf7198a0bd4f}]
Capabilities {acceptInsecureCerts: false, browserName: chrome, browserVersion: 109.0.5414.120, chrome: {chromedriverVersion: 109.0.5414.74 (e7c5703604da..., userDataDir: C:\Users\SKSUNT~1\AppData\L...}, goog:chromeOptions: {debuggerAddress: localhost:52122}, networkConnectionEnabled: false, pageLoadStrategy: normal, platformName: WINDOWS, proxy: Proxy(), se:cdp: ws://localhost:52122/devtoo..., se:cdpVersion: 109.0.5414.120, setWindowRect: true, strictFileInteractability: false, timeouts: {implicit: 0, pageLoad: 300000, script: 30000}, unhandledPromptBehavior: dismiss and notify, webauthn:extension:credBlob: true, webauthn:extension:largeBlob: true, webauthn:virtualAuthenticators: true}
Element: [[ChromeDriver: chrome on WINDOWS (3a5e46ac9dfd3bb95692e94a84462706)] -&amp;gt; xpath: //tbody/tr/td[2]]
Session ID: 3a5e46ac9dfd3bb95692e94a84462706">
      <![CDATA[org.openqa.selenium.StaleElementReferenceException: stale element reference: element is not attached to the page document
  (Session info: chrome=109.0.5414.120)
For documentation on this error, please visit: https://selenium.dev/exceptions/#stale_element_reference
Build info: version: '4.8.0', revision: '267030adea'
System info: os.name: 'Windows 8.1', os.arch: 'amd64', os.version: '6.3', java.version: '17.0.2'
Driver info: org.openqa.selenium.chrome.ChromeDriver
Command: [3a5e46ac9dfd3bb95692e94a84462706, getElementText {id=99c7ee88-3338-4b6c-a056-bf7198a0bd4f}]
Capabilities {acceptInsecureCerts: false, browserName: chrome, browserVersion: 109.0.5414.120, chrome: {chromedriverVersion: 109.0.5414.74 (e7c5703604da..., userDataDir: C:\Users\SKSUNT~1\AppData\L...}, goog:chromeOptions: {debuggerAddress: localhost:52122}, networkConnectionEnabled: false, pageLoadStrategy: normal, platformName: WINDOWS, proxy: Proxy(), se:cdp: ws://localhost:52122/devtoo..., se:cdpVersion: 109.0.5414.120, setWindowRect: true, strictFileInteractability: false, timeouts: {implicit: 0, pageLoad: 300000, script: 30000}, unhandledPromptBehavior: dismiss and notify, webauthn:extension:credBlob: true, webauthn:extension:largeBlob: true, webauthn:virtualAuthenticators: true}
Element: [[ChromeDriver: chrome on WINDOWS (3a5e46ac9dfd3bb95692e94a84462706)] -> xpath: //tbody/tr/td[2]]
Session ID: 3a5e46ac9dfd3bb95692e94a84462706
at org.openqa.selenium.remote.codec.w3c.W3CHttpResponseCodec.createException(W3CHttpResponseCodec.java:200)
at org.openqa.selenium.remote.codec.w3c.W3CHttpResponseCodec.decode(W3CHttpResponseCodec.java:133)
at org.openqa.selenium.remote.codec.w3c.W3CHttpResponseCodec.decode(W3CHttpResponseCodec.java:53)
at org.openqa.selenium.remote.HttpCommandExecutor.execute(HttpCommandExecutor.java:184)
at org.openqa.selenium.remote.service.DriverCommandExecutor.invokeExecute(DriverCommandExecutor.java:167)
at org.openqa.selenium.remote.service.DriverCommandExecutor.execute(DriverCommandExecutor.java:142)
at org.openqa.selenium.remote.RemoteWebDriver.execute(RemoteWebDriver.java:543)
at org.openqa.selenium.remote.RemoteWebElement.execute(RemoteWebElement.java:257)
at org.openqa.selenium.remote.RemoteWebElement.getText(RemoteWebElement.java:207)
at assignment12.TestNGTask.addNewCourseForm(TestNGTask.java:114)
at java.base/java.util.ArrayList.forEach(ArrayList.java:1511)
at java.base/java.util.concurrent.FutureTask.run(FutureTask.java:264)
at java.base/java.util.concurrent.ThreadPoolExecutor.runWorker(ThreadPoolExecutor.java:1136)
at java.base/java.util.concurrent.ThreadPoolExecutor$Worker.run(ThreadPoolExecutor.java:635)
at java.base/java.lang.Thread.run(Thread.java:833)
... Removed 22 stack frames]]>
    </failure>
  </testcase> <!-- addNewCourseForm -->
  <testcase classname="assignment12.TestNGTask" name="verifyCourse" time="0.0">
    <skipped/>
  </testcase> <!-- verifyCourse -->
  <testcase classname="assignment12.TestNGTask" name="verifyCourseDeleted" time="0.0">
    <skipped/>
  </testcase> <!-- verifyCourseDeleted -->
  <testcase classname="assignment12.TestNGTask" name="signOut" time="0.0">
    <skipped/>
  </testcase> <!-- signOut -->
</testsuite> <!-- ChromeTest -->
