<?xml version="1.0" encoding="UTF-8"?>
<!-- Generated by org.testng.reporters.JUnitXMLReporter -->
<testsuite ignored="0" hostname="acer" failures="0" tests="7" name="FirefoxTest" time="43.016" errors="0" timestamp="2023-02-12T17:19:56 IST">
  <testcase classname="assignment12.TestNGTask" name="loginScenario" time="0.88"/>
  <testcase classname="assignment12.TestNGTask" name="clickManageCourse" time="2.5"/>
  <testcase classname="assignment12.TestNGTask" name="clickAddNewCourse" time="0.331"/>
  <testcase classname="assignment12.TestNGTask" name="addNewCourseForm" time="6.284"/>
  <testcase classname="assignment12.TestNGTask" name="verifyCourse" time="0.296"/>
  <testcase classname="assignment12.TestNGTask" name="verifyCourseDeleted" time="12.026"/>
  <testcase classname="assignment12.TestNGTask" name="signOut" time="0.324"/>
</testsuite> <!-- FirefoxTest -->
