<?xml version="1.0" encoding="UTF-8"?>
<!-- Generated by org.testng.reporters.JUnitXMLReporter -->
<testsuite ignored="0" hostname="acer" failures="0" tests="7" name="Test" time="28.243" errors="0" timestamp="2023-02-12T15:43:28 IST">
  <testcase classname="assignment12.TestNGTask" name="loginScenario" time="0.53"/>
  <testcase classname="assignment12.TestNGTask" name="clickManageCourse" time="2.358"/>
  <testcase classname="assignment12.TestNGTask" name="clickAddNewCourse" time="1.244"/>
  <testcase classname="assignment12.TestNGTask" name="addNewCourseForm" time="5.327"/>
  <testcase classname="assignment12.TestNGTask" name="verifyCourse" time="0.135"/>
  <testcase classname="assignment12.TestNGTask" name="verifyCourseDeleted" time="12.036"/>
  <testcase classname="assignment12.TestNGTask" name="signOut" time="0.088"/>
</testsuite> <!-- Test -->
