<?xml version="1.0" encoding="UTF-8"?>
<!-- Generated by org.testng.reporters.JUnitXMLReporter -->
<testsuite ignored="6" hostname="acer" failures="0" tests="4" name="Test" time="48.737" errors="0" timestamp="2023-04-09T13:05:01 IST">
  <testcase classname="testCases.LoginTest" name="loginToApplication" time="2.094"/>
  <testcase classname="testCases.DashBoardTest" name="dashBoardTest" time="3.48"/>
  <testcase classname="testCases.NewUserTest" name="newUser" time="16.124"/>
  <testcase classname="testCases.ViewUsersTest" name="viewUsers" time="9.934"/>
  <testcase classname="base.BaseClass" name="@BeforeTest setupBrowser" time="0.0">
    <ignored/>
  </testcase> <!-- @BeforeTest setupBrowser -->
  <testcase classname="base.BaseClass" name="@AfterTest closeBrowser" time="0.0">
    <ignored/>
  </testcase> <!-- @AfterTest closeBrowser -->
  <testcase classname="base.BaseClass" name="@AfterTest closeBrowser" time="0.0">
    <ignored/>
  </testcase> <!-- @AfterTest closeBrowser -->
  <testcase classname="base.BaseClass" name="@AfterTest closeBrowser" time="0.0">
    <ignored/>
  </testcase> <!-- @AfterTest closeBrowser -->
  <testcase classname="base.BaseClass" name="@BeforeTest setupBrowser" time="0.0">
    <ignored/>
  </testcase> <!-- @BeforeTest setupBrowser -->
  <testcase classname="base.BaseClass" name="@BeforeTest setupBrowser" time="0.0">
    <ignored/>
  </testcase> <!-- @BeforeTest setupBrowser -->
</testsuite> <!-- Test -->
