<?xml version="1.0" encoding="UTF-8"?>
<!-- Generated by org.testng.reporters.JUnitXMLReporter -->
<testsuite ignored="6" hostname="acer" failures="0" tests="4" name="Test" time="45.059" errors="0" timestamp="2023-03-11T13:52:08 IST">
  <testcase classname="testCases.LoginTest" name="loginToApplication" time="2.315"/>
  <testcase classname="testCases.DashBoardTest" name="dashBoardTest" time="3.695"/>
  <testcase classname="testCases.NewUserTest" name="newUser" time="13.201"/>
  <testcase classname="testCases.ViewUsersTest" name="viewUsers" time="8.37"/>
  <testcase classname="base.BaseClass" name="@AfterTest closeBrowser" time="0.0">
    <ignored/>
  </testcase> <!-- @AfterTest closeBrowser -->
  <testcase classname="base.BaseClass" name="@AfterTest closeBrowser" time="0.0">
    <ignored/>
  </testcase> <!-- @AfterTest closeBrowser -->
  <testcase classname="base.BaseClass" name="@AfterTest closeBrowser" time="0.0">
    <ignored/>
  </testcase> <!-- @AfterTest closeBrowser -->
  <testcase classname="base.BaseClass" name="@BeforeTest setupBrowser" time="0.0">
    <ignored/>
  </testcase> <!-- @BeforeTest setupBrowser -->
  <testcase classname="base.BaseClass" name="@BeforeTest setupBrowser" time="0.0">
    <ignored/>
  </testcase> <!-- @BeforeTest setupBrowser -->
  <testcase classname="base.BaseClass" name="@BeforeTest setupBrowser" time="0.0">
    <ignored/>
  </testcase> <!-- @BeforeTest setupBrowser -->
</testsuite> <!-- Test -->
