<?xml version="1.0" encoding="UTF-8"?>
<testng-results ignored="6" total="10" passed="4" failed="0" skipped="0">
  <reporter-output>
  </reporter-output>
  <suite started-at="2023-04-09T13:04:11 IST" name="Suite" finished-at="2023-04-09T13:04:59 IST" duration-ms="48737">
    <groups>
    </groups>
    <test started-at="2023-04-09T13:04:11 IST" name="Test" finished-at="2023-04-09T13:04:59 IST" duration-ms="48737">
      <class name="testCases.NewUserTest">
        <test-method signature="newUser(java.lang.String,java.lang.String,java.lang.String,java.lang.String,java.lang.String,java.lang.String)[pri:0, instance:testCases.NewUserTest@1921ad94]" started-at="2023-04-09T13:04:32 IST" name="newUser" data-provider="addNewUser" finished-at="2023-04-09T13:04:48 IST" duration-ms="16124" status="PASS">
          <params>
            <param index="0">
              <value>
                <![CDATA[ESS]]>
              </value>
            </param>
            <param index="1">
              <value>
                <![CDATA[p]]>
              </value>
            </param>
            <param index="2">
              <value>
                <![CDATA[Peter Mac Anderson]]>
              </value>
            </param>
            <param index="3">
              <value>
                <![CDATA[Enabled]]>
              </value>
            </param>
            <param index="4">
              <value>
                <![CDATA[ABCDEF]]>
              </value>
            </param>
            <param index="5">
              <value>
                <![CDATA[ABCDe@1234]]>
              </value>
            </param>
          </params>
          <reporter-output>
          </reporter-output>
        </test-method> <!-- newUser -->
      </class> <!-- testCases.NewUserTest -->
      <class name="testCases.LoginTest">
        <test-method is-config="true" signature="setupBrowser()[pri:0, instance:testCases.LoginTest@3c9c0d96]" started-at="2023-04-09T13:04:11 IST" name="setupBrowser" finished-at="2023-04-09T13:04:24 IST" duration-ms="12864" status="PASS">
          <reporter-output>
          </reporter-output>
        </test-method> <!-- setupBrowser -->
        <test-method signature="loginToApplication(java.lang.String,java.lang.String)[pri:0, instance:testCases.LoginTest@3c9c0d96]" started-at="2023-04-09T13:04:26 IST" name="loginToApplication" data-provider="loginDetails" finished-at="2023-04-09T13:04:28 IST" duration-ms="2094" status="PASS">
          <params>
            <param index="0">
              <value>
                <![CDATA[Admin]]>
              </value>
            </param>
            <param index="1">
              <value>
                <![CDATA[admin123]]>
              </value>
            </param>
          </params>
          <reporter-output>
          </reporter-output>
        </test-method> <!-- loginToApplication -->
        <test-method is-config="true" signature="closeBrowser()[pri:0, instance:testCases.LoginTest@3c9c0d96]" started-at="2023-04-09T13:04:58 IST" name="closeBrowser" finished-at="2023-04-09T13:04:59 IST" duration-ms="1013" status="PASS">
          <reporter-output>
          </reporter-output>
        </test-method> <!-- closeBrowser -->
      </class> <!-- testCases.LoginTest -->
      <class name="testCases.DashBoardTest">
        <test-method signature="dashBoardTest()[pri:0, instance:testCases.DashBoardTest@10cf09e8]" started-at="2023-04-09T13:04:28 IST" name="dashBoardTest" finished-at="2023-04-09T13:04:31 IST" duration-ms="3480" status="PASS">
          <reporter-output>
          </reporter-output>
        </test-method> <!-- dashBoardTest -->
      </class> <!-- testCases.DashBoardTest -->
      <class name="testCases.ViewUsersTest">
        <test-method signature="viewUsers(java.lang.String,java.lang.String,java.lang.String,java.lang.String,java.lang.String)[pri:0, instance:testCases.ViewUsersTest@ee86bcb]" started-at="2023-04-09T13:04:48 IST" name="viewUsers" data-provider="ViewUser" finished-at="2023-04-09T13:04:58 IST" duration-ms="9934" status="PASS">
          <params>
            <param index="0">
              <value>
                <![CDATA[ABCDEF]]>
              </value>
            </param>
            <param index="1">
              <value>
                <![CDATA[ESS]]>
              </value>
            </param>
            <param index="2">
              <value>
                <![CDATA[p]]>
              </value>
            </param>
            <param index="3">
              <value>
                <![CDATA[Peter Mac Anderson]]>
              </value>
            </param>
            <param index="4">
              <value>
                <![CDATA[Enabled]]>
              </value>
            </param>
          </params>
          <reporter-output>
          </reporter-output>
        </test-method> <!-- viewUsers -->
      </class> <!-- testCases.ViewUsersTest -->
    </test> <!-- Test -->
  </suite> <!-- Suite -->
</testng-results>
